<?xml version="1.0" encoding="UTF-8"?>
<!-- Generated by org.testng.reporters.JUnitReportReporter -->
<testsuite hostname="WBLSLAP001" failures="0" tests="2" name="tests.LoginTest" time="31.416" errors="0" timestamp="2023-07-15T18:42:25 IST" skipped="0">
  <testcase classname="tests.LoginTest" name="login" time="21.174"/>
  <testcase classname="tests.LoginTest" name="logout" time="10.242"/>
</testsuite> <!-- tests.LoginTest -->
